#! /usr/bin/vvp
:ivl_version "11.0 (stable)";
:ivl_delay_selection "TYPICAL";
:vpi_time_precision + 0;
:vpi_module "/usr/lib/x86_64-linux-gnu/ivl/system.vpi";
:vpi_module "/usr/lib/x86_64-linux-gnu/ivl/vhdl_sys.vpi";
:vpi_module "/usr/lib/x86_64-linux-gnu/ivl/vhdl_textio.vpi";
:vpi_module "/usr/lib/x86_64-linux-gnu/ivl/v2005_math.vpi";
:vpi_module "/usr/lib/x86_64-linux-gnu/ivl/va_math.vpi";
S_0x5578b6f4c7c0 .scope module, "tb_rx" "tb_rx" 2 1;
 .timescale 0 0;
v0x5578b6f6cca0_0 .var *"_ivl_0", 0 0; Local signal
v0x5578b6f6cda0_0 .var "clk", 0 0;
v0x5578b6f6ce60_0 .var "data_in", 9 0;
v0x5578b6f6cf00_0 .var/i "i", 31 0;
v0x5578b6f6cfc0_0 .var "i_rx_data", 0 0;
v0x5578b6f6d060_0 .var/i "j", 31 0;
v0x5578b6f6d120_0 .net "o_data", 7 0, v0x5578b6f37750_0;  1 drivers
v0x5578b6f6d1e0_0 .net "o_wr", 0 0, v0x5578b6f6c9e0_0;  1 drivers
S_0x5578b6f4c950 .scope module, "uut" "receiver" 2 9, 3 3 0, S_0x5578b6f4c7c0;
 .timescale 0 0;
    .port_info 0 /INPUT 1 "clk";
    .port_info 1 /INPUT 1 "i_rx_data";
    .port_info 2 /OUTPUT 1 "o_wr";
    .port_info 3 /OUTPUT 8 "o_data";
P_0x5578b6f0ccf0 .param/l "BIT_FIVE" 1 3 12, C4<0110>;
P_0x5578b6f0cd30 .param/l "BIT_FOUR" 1 3 11, C4<0101>;
P_0x5578b6f0cd70 .param/l "BIT_ONE" 1 3 8, C4<0010>;
P_0x5578b6f0cdb0 .param/l "BIT_SEVEN" 1 3 14, C4<1000>;
P_0x5578b6f0cdf0 .param/l "BIT_SIX" 1 3 13, C4<0111>;
P_0x5578b6f0ce30 .param/l "BIT_THREE" 1 3 10, C4<0100>;
P_0x5578b6f0ce70 .param/l "BIT_TWO" 1 3 9, C4<0011>;
P_0x5578b6f0ceb0 .param/l "BIT_ZERO" 1 3 7, C4<0001>;
P_0x5578b6f0cef0 .param/l "DATAWIDTH" 0 3 5, +C4<00000000000000000000000000001000>;
P_0x5578b6f0cf30 .param/l "IDLE" 1 3 6, C4<0000>;
P_0x5578b6f0cf70 .param/l "STOP_BIT" 1 3 15, C4<1001>;
v0x5578b6f3a290_0 .var "STATE", 3 0;
v0x5578b6f3b330_0 .var "baud_count", 15 0;
v0x5578b6f3c4c0_0 .var "ck_uart", 0 0;
v0x5578b6f35340_0 .net "clk", 0 0, v0x5578b6f6cda0_0;  1 drivers
v0x5578b6f36b80_0 .net "i_rx_data", 0 0, v0x5578b6f6cfc0_0;  1 drivers
v0x5578b6f37750_0 .var "o_data", 7 0;
v0x5578b6f6c9e0_0 .var "o_wr", 0 0;
v0x5578b6f6caa0_0 .var "q_uart", 0 0;
v0x5578b6f6cb60_0 .var "zero_baud", 0 0;
E_0x5578b6f46870 .event posedge, v0x5578b6f35340_0;
E_0x5578b6f46e40 .event edge, v0x5578b6f3b330_0;
    .scope S_0x5578b6f4c950;
T_0 ;
    %pushi/vec4 1, 0, 1;
    %store/vec4 v0x5578b6f3c4c0_0, 0, 1;
    %end;
    .thread T_0;
    .scope S_0x5578b6f4c950;
T_1 ;
    %pushi/vec4 1, 0, 1;
    %store/vec4 v0x5578b6f6caa0_0, 0, 1;
    %end;
    .thread T_1;
    .scope S_0x5578b6f4c950;
T_2 ;
    %wait E_0x5578b6f46870;
    %load/vec4 v0x5578b6f6caa0_0;
    %load/vec4 v0x5578b6f36b80_0;
    %concat/vec4; draw_concat_vec4
    %split/vec4 1;
    %assign/vec4 v0x5578b6f6caa0_0, 0;
    %assign/vec4 v0x5578b6f3c4c0_0, 0;
    %jmp T_2;
    .thread T_2;
    .scope S_0x5578b6f4c950;
T_3 ;
    %pushi/vec4 0, 0, 16;
    %store/vec4 v0x5578b6f3b330_0, 0, 16;
    %end;
    .thread T_3;
    .scope S_0x5578b6f4c950;
T_4 ;
    %pushi/vec4 0, 0, 8;
    %store/vec4 v0x5578b6f37750_0, 0, 8;
    %end;
    .thread T_4;
    .scope S_0x5578b6f4c950;
T_5 ;
    %pushi/vec4 0, 0, 4;
    %store/vec4 v0x5578b6f3a290_0, 0, 4;
    %end;
    .thread T_5;
    .scope S_0x5578b6f4c950;
T_6 ;
    %wait E_0x5578b6f46870;
    %load/vec4 v0x5578b6f3a290_0;
    %cmpi/e 0, 0, 4;
    %jmp/0xz  T_6.0, 4;
    %pushi/vec4 0, 0, 4;
    %assign/vec4 v0x5578b6f3a290_0, 0;
    %pushi/vec4 0, 0, 16;
    %assign/vec4 v0x5578b6f3b330_0, 0;
    %load/vec4 v0x5578b6f3c4c0_0;
    %nor/r;
    %flag_set/vec4 8;
    %jmp/0xz  T_6.2, 8;
    %pushi/vec4 1, 0, 4;
    %assign/vec4 v0x5578b6f3a290_0, 0;
    %pushi/vec4 15623, 0, 16;
    %assign/vec4 v0x5578b6f3b330_0, 0;
T_6.2 ;
    %jmp T_6.1;
T_6.0 ;
    %load/vec4 v0x5578b6f6cb60_0;
    %flag_set/vec4 8;
    %jmp/0xz  T_6.4, 8;
    %load/vec4 v0x5578b6f3a290_0;
    %addi 1, 0, 4;
    %assign/vec4 v0x5578b6f3a290_0, 0;
    %pushi/vec4 10415, 0, 16;
    %assign/vec4 v0x5578b6f3b330_0, 0;
    %load/vec4 v0x5578b6f3a290_0;
    %cmpi/e 9, 0, 4;
    %jmp/0xz  T_6.6, 4;
    %pushi/vec4 0, 0, 4;
    %assign/vec4 v0x5578b6f3a290_0, 0;
    %pushi/vec4 0, 0, 16;
    %assign/vec4 v0x5578b6f3b330_0, 0;
T_6.6 ;
    %jmp T_6.5;
T_6.4 ;
    %load/vec4 v0x5578b6f3b330_0;
    %subi 1, 0, 16;
    %assign/vec4 v0x5578b6f3b330_0, 0;
T_6.5 ;
T_6.1 ;
    %jmp T_6;
    .thread T_6;
    .scope S_0x5578b6f4c950;
T_7 ;
    %wait E_0x5578b6f46e40;
    %load/vec4 v0x5578b6f3b330_0;
    %pad/u 32;
    %pushi/vec4 0, 0, 32;
    %cmp/e;
    %flag_get/vec4 4;
    %store/vec4 v0x5578b6f6cb60_0, 0, 1;
    %jmp T_7;
    .thread T_7, $push;
    .scope S_0x5578b6f4c950;
T_8 ;
    %wait E_0x5578b6f46870;
    %load/vec4 v0x5578b6f6cb60_0;
    %load/vec4 v0x5578b6f3a290_0;
    %pushi/vec4 9, 0, 4;
    %cmp/ne;
    %flag_get/vec4 4;
    %and;
    %flag_set/vec4 8;
    %jmp/0xz  T_8.0, 8;
    %load/vec4 v0x5578b6f3c4c0_0;
    %load/vec4 v0x5578b6f37750_0;
    %parti/s 7, 1, 2;
    %concat/vec4; draw_concat_vec4
    %assign/vec4 v0x5578b6f37750_0, 0;
T_8.0 ;
    %jmp T_8;
    .thread T_8;
    .scope S_0x5578b6f4c950;
T_9 ;
    %pushi/vec4 0, 0, 1;
    %store/vec4 v0x5578b6f6c9e0_0, 0, 1;
    %end;
    .thread T_9;
    .scope S_0x5578b6f4c950;
T_10 ;
    %wait E_0x5578b6f46870;
    %load/vec4 v0x5578b6f6cb60_0;
    %load/vec4 v0x5578b6f3a290_0;
    %pushi/vec4 9, 0, 4;
    %cmp/e;
    %flag_get/vec4 4;
    %and;
    %assign/vec4 v0x5578b6f6c9e0_0, 0;
    %jmp T_10;
    .thread T_10;
    .scope S_0x5578b6f4c7c0;
T_11 ;
    %pushi/vec4 474, 0, 10;
    %store/vec4 v0x5578b6f6ce60_0, 0, 10;
    %end;
    .thread T_11;
    .scope S_0x5578b6f4c7c0;
T_12 ;
    %pushi/vec4 0, 0, 1;
    %store/vec4 v0x5578b6f6cda0_0, 0, 1;
T_12.0 ;
    %load/vec4 v0x5578b6f6cda0_0;
    %inv;
    %store/vec4 v0x5578b6f6cca0_0, 0, 1;
    %pushi/vec4 5, 0, 64;
    %ix/vec4 4;
    %delayx 4;
    %load/vec4 v0x5578b6f6cca0_0;
    %store/vec4 v0x5578b6f6cda0_0, 0, 1;
    %jmp T_12.0;
    %end;
    .thread T_12;
    .scope S_0x5578b6f4c7c0;
T_13 ;
    %vpi_call 2 18 "$dumpfile", "rx_tb.vcd" {0 0 0};
    %vpi_call 2 19 "$dumpvars", 32'sb00000000000000000000000000000000, S_0x5578b6f4c7c0 {0 0 0};
    %end;
    .thread T_13;
    .scope S_0x5578b6f4c7c0;
T_14 ;
    %vpi_call 2 22 "$monitor", "[$monitor] time=%0t i_rx_data=%b o_wr=%b o_data=%b", $time, v0x5578b6f6cfc0_0, v0x5578b6f6d1e0_0, v0x5578b6f6d120_0 {0 0 0};
    %pushi/vec4 0, 0, 32;
    %store/vec4 v0x5578b6f6cf00_0, 0, 32;
T_14.0 ;
    %load/vec4 v0x5578b6f6cf00_0;
    %cmpi/s 10, 0, 32;
    %jmp/0xz T_14.1, 5;
    %pushi/vec4 0, 0, 32;
    %store/vec4 v0x5578b6f6d060_0, 0, 32;
T_14.2 ;
    %load/vec4 v0x5578b6f6d060_0;
    %cmpi/s 10416, 0, 32;
    %jmp/0xz T_14.3, 5;
    %wait E_0x5578b6f46870;
    %load/vec4 v0x5578b6f6d060_0;
    %addi 1, 0, 32;
    %store/vec4 v0x5578b6f6d060_0, 0, 32;
    %jmp T_14.2;
T_14.3 ;
    %load/vec4 v0x5578b6f6ce60_0;
    %load/vec4 v0x5578b6f6cf00_0;
    %part/s 1;
    %store/vec4 v0x5578b6f6cfc0_0, 0, 1;
    %load/vec4 v0x5578b6f6cf00_0;
    %addi 1, 0, 32;
    %store/vec4 v0x5578b6f6cf00_0, 0, 32;
    %jmp T_14.0;
T_14.1 ;
    %pushi/vec4 966, 0, 10;
    %store/vec4 v0x5578b6f6ce60_0, 0, 10;
    %pushi/vec4 0, 0, 32;
    %store/vec4 v0x5578b6f6cf00_0, 0, 32;
T_14.4 ;
    %load/vec4 v0x5578b6f6cf00_0;
    %cmpi/s 10, 0, 32;
    %jmp/0xz T_14.5, 5;
    %pushi/vec4 0, 0, 32;
    %store/vec4 v0x5578b6f6d060_0, 0, 32;
T_14.6 ;
    %load/vec4 v0x5578b6f6d060_0;
    %cmpi/s 10416, 0, 32;
    %jmp/0xz T_14.7, 5;
    %wait E_0x5578b6f46870;
    %load/vec4 v0x5578b6f6d060_0;
    %addi 1, 0, 32;
    %store/vec4 v0x5578b6f6d060_0, 0, 32;
    %jmp T_14.6;
T_14.7 ;
    %load/vec4 v0x5578b6f6ce60_0;
    %load/vec4 v0x5578b6f6cf00_0;
    %part/s 1;
    %store/vec4 v0x5578b6f6cfc0_0, 0, 1;
    %load/vec4 v0x5578b6f6cf00_0;
    %addi 1, 0, 32;
    %store/vec4 v0x5578b6f6cf00_0, 0, 32;
    %jmp T_14.4;
T_14.5 ;
    %pushi/vec4 910, 0, 10;
    %store/vec4 v0x5578b6f6ce60_0, 0, 10;
    %pushi/vec4 0, 0, 32;
    %store/vec4 v0x5578b6f6cf00_0, 0, 32;
T_14.8 ;
    %load/vec4 v0x5578b6f6cf00_0;
    %cmpi/s 10, 0, 32;
    %jmp/0xz T_14.9, 5;
    %pushi/vec4 0, 0, 32;
    %store/vec4 v0x5578b6f6d060_0, 0, 32;
T_14.10 ;
    %load/vec4 v0x5578b6f6d060_0;
    %cmpi/s 10416, 0, 32;
    %jmp/0xz T_14.11, 5;
    %wait E_0x5578b6f46870;
    %load/vec4 v0x5578b6f6d060_0;
    %addi 1, 0, 32;
    %store/vec4 v0x5578b6f6d060_0, 0, 32;
    %jmp T_14.10;
T_14.11 ;
    %load/vec4 v0x5578b6f6ce60_0;
    %load/vec4 v0x5578b6f6cf00_0;
    %part/s 1;
    %store/vec4 v0x5578b6f6cfc0_0, 0, 1;
    %load/vec4 v0x5578b6f6cf00_0;
    %addi 1, 0, 32;
    %store/vec4 v0x5578b6f6cf00_0, 0, 32;
    %jmp T_14.8;
T_14.9 ;
    %vpi_call 2 52 "$finish" {0 0 0};
    %end;
    .thread T_14;
# The file index is used to find the file name in the following table.
:file_names 4;
    "N/A";
    "<interactive>";
    "rx_tb.v";
    "rx.v";
