#! /usr/bin/vvp
:ivl_version "11.0 (stable)";
:ivl_delay_selection "TYPICAL";
:vpi_time_precision + 0;
:vpi_module "/usr/lib/x86_64-linux-gnu/ivl/system.vpi";
:vpi_module "/usr/lib/x86_64-linux-gnu/ivl/vhdl_sys.vpi";
:vpi_module "/usr/lib/x86_64-linux-gnu/ivl/vhdl_textio.vpi";
:vpi_module "/usr/lib/x86_64-linux-gnu/ivl/v2005_math.vpi";
:vpi_module "/usr/lib/x86_64-linux-gnu/ivl/va_math.vpi";
S_0x560d70a76eb0 .scope module, "tb_ram" "tb_ram" 2 39;
 .timescale 0 0;
P_0x560d70a61bb0 .param/l "ADDR_WIDTH" 0 2 42, +C4<00000000000000000000000000010000>;
P_0x560d70a61bf0 .param/l "DATA_WIDTH" 0 2 43, +C4<00000000000000000000000000001000>;
v0x560d70a8e780_0 .var *"_ivl_0", 0 0; Local signal
v0x560d70a8e880_0 .var/i "i", 31 0;
v0x560d70a8e960_0 .var "i_addr", 15 0;
v0x560d70a8ea30_0 .var "i_clk", 0 0;
v0x560d70a8eb00_0 .var "i_data", 7 0;
v0x560d70a8eba0_0 .var "i_we", 0 0;
v0x560d70a8ec70_0 .net "o_data", 7 0, L_0x560d70a64ec0;  1 drivers
S_0x560d70a770e0 .scope module, "UUT" "ram" 2 52, 2 11 0, S_0x560d70a76eb0;
 .timescale 0 0;
    .port_info 0 /INPUT 1 "i_we";
    .port_info 1 /INPUT 16 "i_addr";
    .port_info 2 /INPUT 8 "i_data";
    .port_info 3 /OUTPUT 8 "o_data";
    .port_info 4 /INPUT 1 "i_clk";
P_0x560d70a65fc0 .param/l "ADDR_WIDTH" 0 2 13, +C4<00000000000000000000000000010000>;
P_0x560d70a66000 .param/l "DATA_WIDTH" 0 2 14, +C4<00000000000000000000000000001000>;
L_0x560d70a64ec0 .functor BUFZ 8, L_0x560d70a8ed40, C4<00000000>, C4<00000000>, C4<00000000>;
v0x560d70a65060 .array "RAM", 0 65535, 7 0;
v0x560d70a3be30_0 .net *"_ivl_0", 7 0, L_0x560d70a8ed40;  1 drivers
v0x560d70a8e0a0_0 .net *"_ivl_2", 17 0, L_0x560d70a8ee40;  1 drivers
L_0x7f983e98b018 .functor BUFT 1, C4<00>, C4<0>, C4<0>, C4<0>;
v0x560d70a8e190_0 .net *"_ivl_5", 1 0, L_0x7f983e98b018;  1 drivers
v0x560d70a8e270_0 .net "i_addr", 15 0, v0x560d70a8e960_0;  1 drivers
v0x560d70a8e3a0_0 .net "i_clk", 0 0, v0x560d70a8ea30_0;  1 drivers
v0x560d70a8e460_0 .net "i_data", 7 0, v0x560d70a8eb00_0;  1 drivers
v0x560d70a8e540_0 .net "i_we", 0 0, v0x560d70a8eba0_0;  1 drivers
v0x560d70a8e600_0 .net "o_data", 7 0, L_0x560d70a64ec0;  alias, 1 drivers
E_0x560d70a74c20 .event posedge, v0x560d70a8e3a0_0;
L_0x560d70a8ed40 .array/port v0x560d70a65060, L_0x560d70a8ee40;
L_0x560d70a8ee40 .concat [ 16 2 0 0], v0x560d70a8e960_0, L_0x7f983e98b018;
    .scope S_0x560d70a770e0;
T_0 ;
    %wait E_0x560d70a74c20;
    %load/vec4 v0x560d70a8e540_0;
    %flag_set/vec4 8;
    %jmp/0xz  T_0.0, 8;
    %load/vec4 v0x560d70a8e460_0;
    %load/vec4 v0x560d70a8e270_0;
    %pad/u 18;
    %ix/vec4 3;
    %ix/load 4, 0, 0; Constant delay
    %assign/vec4/a/d v0x560d70a65060, 0, 4;
T_0.0 ;
    %jmp T_0;
    .thread T_0;
    .scope S_0x560d70a76eb0;
T_1 ;
    %pushi/vec4 0, 0, 1;
    %store/vec4 v0x560d70a8ea30_0, 0, 1;
T_1.0 ;
    %load/vec4 v0x560d70a8ea30_0;
    %inv;
    %store/vec4 v0x560d70a8e780_0, 0, 1;
    %pushi/vec4 5, 0, 64;
    %ix/vec4 4;
    %delayx 4;
    %load/vec4 v0x560d70a8e780_0;
    %store/vec4 v0x560d70a8ea30_0, 0, 1;
    %jmp T_1.0;
    %end;
    .thread T_1;
    .scope S_0x560d70a76eb0;
T_2 ;
    %delay 0, 0;
    %pushi/vec4 1, 0, 1;
    %store/vec4 v0x560d70a8eba0_0, 0, 1;
    %pushi/vec4 0, 0, 32;
    %store/vec4 v0x560d70a8e880_0, 0, 32;
T_2.0 ;
    %load/vec4 v0x560d70a8e880_0;
    %cmpi/s 32, 0, 32;
    %jmp/0xz T_2.1, 5;
    %load/vec4 v0x560d70a8e880_0;
    %pad/s 16;
    %store/vec4 v0x560d70a8e960_0, 0, 16;
    %vpi_func 2 68 "$urandom_range" 32, 32'sb00000000000000000000000000000000, 32'sb00000000000000000000000011111111 {0 0 0};
    %pad/u 8;
    %store/vec4 v0x560d70a8eb00_0, 0, 8;
    %wait E_0x560d70a74c20;
    %load/vec4 v0x560d70a8e880_0;
    %addi 1, 0, 32;
    %store/vec4 v0x560d70a8e880_0, 0, 32;
    %jmp T_2.0;
T_2.1 ;
    %end;
    .thread T_2;
    .scope S_0x560d70a76eb0;
T_3 ;
    %vpi_call 2 79 "$dumpfile", "ram.vcd" {0 0 0};
    %vpi_call 2 80 "$dumpvars", 32'sb00000000000000000000000000000000, S_0x560d70a76eb0 {0 0 0};
    %vpi_call 2 81 "$display", "Starting simulation..." {0 0 0};
    %delay 100, 0;
    %vpi_call 2 82 "$finish" {0 0 0};
    %end;
    .thread T_3;
# The file index is used to find the file name in the following table.
:file_names 3;
    "N/A";
    "<interactive>";
    "ram.v";
