#! /usr/bin/vvp
:ivl_version "11.0 (stable)";
:ivl_delay_selection "TYPICAL";
:vpi_time_precision + 0;
:vpi_module "/usr/lib/x86_64-linux-gnu/ivl/system.vpi";
:vpi_module "/usr/lib/x86_64-linux-gnu/ivl/vhdl_sys.vpi";
:vpi_module "/usr/lib/x86_64-linux-gnu/ivl/vhdl_textio.vpi";
:vpi_module "/usr/lib/x86_64-linux-gnu/ivl/v2005_math.vpi";
:vpi_module "/usr/lib/x86_64-linux-gnu/ivl/va_math.vpi";
S_0x56460f660e20 .scope module, "tb_tx" "tb_tx" 2 1;
 .timescale 0 0;
P_0x56460f660fb0 .param/l "DATAWIDTH" 0 2 3, +C4<00000000000000000000000000001000>;
v0x56460f6be090_0 .var *"_ivl_0", 0 0; Local signal
v0x56460f6be190_0 .var "clk", 0 0;
v0x56460f6be250_0 .var "i_data", 7 0;
v0x56460f6be320_0 .var "i_reset", 0 0;
v0x56460f6be3f0_0 .var "i_transmit", 0 0;
v0x56460f6be490_0 .var/i "j", 31 0;
v0x56460f6be530_0 .net "o_tx_data", 0 0, v0x56460f6bdd90_0;  1 drivers
S_0x56460f6a2210 .scope module, "UUT" "transmitter" 2 12, 3 10 0, S_0x56460f660e20;
 .timescale 0 0;
    .port_info 0 /INPUT 1 "clk";
    .port_info 1 /INPUT 8 "i_data";
    .port_info 2 /INPUT 1 "i_reset";
    .port_info 3 /INPUT 1 "i_transmit";
    .port_info 4 /OUTPUT 1 "o_tx_data";
P_0x56460f662620 .param/l "DATA" 1 3 13, C4<01>;
P_0x56460f662660 .param/l "DATAWIDTH" 0 3 12, +C4<00000000000000000000000000001000>;
P_0x56460f6626a0 .param/l "IDLE" 1 3 13, C4<00>;
v0x56460f68c880_0 .var "STATE", 1 0;
v0x56460f68d250_0 .var "baud_count", 13 0;
v0x56460f68dc40_0 .var "clear", 0 0;
v0x56460f689220_0 .net "clk", 0 0, v0x56460f6be190_0;  1 drivers
v0x56460f6bd940_0 .var "counter", 3 0;
v0x56460f6bda70_0 .net "i_data", 7 0, v0x56460f6be250_0;  1 drivers
v0x56460f6bdb50_0 .net "i_reset", 0 0, v0x56460f6be320_0;  1 drivers
v0x56460f6bdc10_0 .net "i_transmit", 0 0, v0x56460f6be3f0_0;  1 drivers
v0x56460f6bdcd0_0 .var "load", 0 0;
v0x56460f6bdd90_0 .var "o_tx_data", 0 0;
v0x56460f6bde50_0 .var "shift", 0 0;
v0x56460f6bdf10_0 .var "shift_reg", 9 0;
E_0x56460f6a30a0 .event posedge, v0x56460f689220_0;
    .scope S_0x56460f6a2210;
T_0 ;
    %wait E_0x56460f6a30a0;
    %load/vec4 v0x56460f6bdb50_0;
    %flag_set/vec4 8;
    %jmp/0xz  T_0.0, 8;
    %pushi/vec4 0, 0, 2;
    %assign/vec4 v0x56460f68c880_0, 0;
    %pushi/vec4 0, 0, 14;
    %assign/vec4 v0x56460f68d250_0, 0;
    %pushi/vec4 0, 0, 4;
    %assign/vec4 v0x56460f6bd940_0, 0;
    %pushi/vec4 0, 0, 10;
    %assign/vec4 v0x56460f6bdf10_0, 0;
    %jmp T_0.1;
T_0.0 ;
    %load/vec4 v0x56460f68d250_0;
    %addi 1, 0, 14;
    %assign/vec4 v0x56460f68d250_0, 0;
    %load/vec4 v0x56460f6bdcd0_0;
    %flag_set/vec4 8;
    %jmp/0xz  T_0.2, 8;
    %pushi/vec4 1, 0, 1;
    %load/vec4 v0x56460f6bda70_0;
    %concat/vec4; draw_concat_vec4
    %concati/vec4 0, 0, 1;
    %assign/vec4 v0x56460f6bdf10_0, 0;
T_0.2 ;
    %load/vec4 v0x56460f68d250_0;
    %pad/u 32;
    %cmpi/e 10415, 0, 32;
    %jmp/0xz  T_0.4, 4;
    %pushi/vec4 1, 0, 2;
    %assign/vec4 v0x56460f68c880_0, 0;
    %pushi/vec4 0, 0, 14;
    %assign/vec4 v0x56460f68d250_0, 0;
    %load/vec4 v0x56460f68dc40_0;
    %flag_set/vec4 8;
    %jmp/0xz  T_0.6, 8;
    %pushi/vec4 0, 0, 4;
    %assign/vec4 v0x56460f6bd940_0, 0;
T_0.6 ;
    %load/vec4 v0x56460f6bde50_0;
    %flag_set/vec4 8;
    %jmp/0xz  T_0.8, 8;
    %load/vec4 v0x56460f6bdf10_0;
    %ix/load 4, 1, 0;
    %flag_set/imm 4, 0;
    %shiftr 4;
    %assign/vec4 v0x56460f6bdf10_0, 0;
T_0.8 ;
    %load/vec4 v0x56460f6bd940_0;
    %pad/u 32;
    %cmpi/ne 10, 0, 32;
    %jmp/0xz  T_0.10, 4;
    %load/vec4 v0x56460f6bd940_0;
    %addi 1, 0, 4;
    %assign/vec4 v0x56460f6bd940_0, 0;
    %jmp T_0.11;
T_0.10 ;
    %pushi/vec4 0, 0, 4;
    %assign/vec4 v0x56460f6bd940_0, 0;
T_0.11 ;
T_0.4 ;
T_0.1 ;
    %jmp T_0;
    .thread T_0;
    .scope S_0x56460f6a2210;
T_1 ;
    %wait E_0x56460f6a30a0;
    %pushi/vec4 0, 0, 1;
    %assign/vec4 v0x56460f6bdcd0_0, 0;
    %pushi/vec4 0, 0, 1;
    %assign/vec4 v0x56460f6bde50_0, 0;
    %pushi/vec4 0, 0, 1;
    %assign/vec4 v0x56460f68dc40_0, 0;
    %pushi/vec4 1, 0, 1;
    %assign/vec4 v0x56460f6bdd90_0, 0;
    %load/vec4 v0x56460f68c880_0;
    %dup/vec4;
    %pushi/vec4 0, 0, 2;
    %cmp/u;
    %jmp/1 T_1.0, 6;
    %dup/vec4;
    %pushi/vec4 1, 0, 2;
    %cmp/u;
    %jmp/1 T_1.1, 6;
    %pushi/vec4 0, 0, 2;
    %assign/vec4 v0x56460f68c880_0, 0;
    %jmp T_1.3;
T_1.0 ;
    %load/vec4 v0x56460f6bdc10_0;
    %flag_set/vec4 8;
    %jmp/0xz  T_1.4, 8;
    %pushi/vec4 1, 0, 2;
    %assign/vec4 v0x56460f68c880_0, 0;
    %pushi/vec4 1, 0, 1;
    %assign/vec4 v0x56460f6bdcd0_0, 0;
    %pushi/vec4 0, 0, 1;
    %assign/vec4 v0x56460f6bde50_0, 0;
    %pushi/vec4 0, 0, 1;
    %assign/vec4 v0x56460f68dc40_0, 0;
    %jmp T_1.5;
T_1.4 ;
    %pushi/vec4 0, 0, 2;
    %assign/vec4 v0x56460f68c880_0, 0;
    %pushi/vec4 1, 0, 1;
    %assign/vec4 v0x56460f6bdd90_0, 0;
T_1.5 ;
    %jmp T_1.3;
T_1.1 ;
    %load/vec4 v0x56460f6bd940_0;
    %pad/u 32;
    %cmpi/e 10, 0, 32;
    %jmp/0xz  T_1.6, 4;
    %pushi/vec4 0, 0, 2;
    %assign/vec4 v0x56460f68c880_0, 0;
    %pushi/vec4 1, 0, 1;
    %assign/vec4 v0x56460f68dc40_0, 0;
    %jmp T_1.7;
T_1.6 ;
    %pushi/vec4 1, 0, 2;
    %assign/vec4 v0x56460f68c880_0, 0;
    %load/vec4 v0x56460f6bdf10_0;
    %parti/s 1, 0, 2;
    %assign/vec4 v0x56460f6bdd90_0, 0;
    %pushi/vec4 1, 0, 1;
    %assign/vec4 v0x56460f6bde50_0, 0;
T_1.7 ;
    %jmp T_1.3;
T_1.3 ;
    %pop/vec4 1;
    %jmp T_1;
    .thread T_1;
    .scope S_0x56460f660e20;
T_2 ;
    %pushi/vec4 0, 0, 1;
    %store/vec4 v0x56460f6be190_0, 0, 1;
T_2.0 ;
    %load/vec4 v0x56460f6be190_0;
    %inv;
    %store/vec4 v0x56460f6be090_0, 0, 1;
    %pushi/vec4 5, 0, 64;
    %ix/vec4 4;
    %delayx 4;
    %load/vec4 v0x56460f6be090_0;
    %store/vec4 v0x56460f6be190_0, 0, 1;
    %jmp T_2.0;
    %end;
    .thread T_2;
    .scope S_0x56460f660e20;
T_3 ;
    %vpi_call 2 19 "$dumpfile", "tb_tx.vcd" {0 0 0};
    %vpi_call 2 20 "$dumpvars", 32'sb00000000000000000000000000000000, S_0x56460f660e20 {0 0 0};
    %end;
    .thread T_3;
    .scope S_0x56460f660e20;
T_4 ;
    %delay 0, 0;
    %pushi/vec4 1, 0, 1;
    %store/vec4 v0x56460f6be320_0, 0, 1;
    %pushi/vec4 0, 0, 1;
    %store/vec4 v0x56460f6be3f0_0, 0, 1;
    %pushi/vec4 0, 0, 8;
    %store/vec4 v0x56460f6be250_0, 0, 8;
    %delay 10, 0;
    %pushi/vec4 51, 0, 8;
    %store/vec4 v0x56460f6be250_0, 0, 8;
    %pushi/vec4 0, 0, 1;
    %store/vec4 v0x56460f6be320_0, 0, 1;
    %pushi/vec4 1, 0, 1;
    %store/vec4 v0x56460f6be3f0_0, 0, 1;
    %pushi/vec4 0, 0, 32;
    %store/vec4 v0x56460f6be490_0, 0, 32;
T_4.0 ;
    %load/vec4 v0x56460f6be490_0;
    %cmpi/s 104160, 0, 32;
    %jmp/0xz T_4.1, 5;
    %wait E_0x56460f6a30a0;
    %load/vec4 v0x56460f6be490_0;
    %addi 1, 0, 32;
    %store/vec4 v0x56460f6be490_0, 0, 32;
    %jmp T_4.0;
T_4.1 ;
    %delay 10, 0;
    %pushi/vec4 170, 0, 8;
    %store/vec4 v0x56460f6be250_0, 0, 8;
    %pushi/vec4 0, 0, 32;
    %store/vec4 v0x56460f6be490_0, 0, 32;
T_4.2 ;
    %load/vec4 v0x56460f6be490_0;
    %cmpi/s 104160, 0, 32;
    %jmp/0xz T_4.3, 5;
    %wait E_0x56460f6a30a0;
    %load/vec4 v0x56460f6be490_0;
    %addi 1, 0, 32;
    %store/vec4 v0x56460f6be490_0, 0, 32;
    %jmp T_4.2;
T_4.3 ;
    %delay 10, 0;
    %pushi/vec4 15, 0, 8;
    %store/vec4 v0x56460f6be250_0, 0, 8;
    %pushi/vec4 0, 0, 32;
    %store/vec4 v0x56460f6be490_0, 0, 32;
T_4.4 ;
    %load/vec4 v0x56460f6be490_0;
    %cmpi/s 135408, 0, 32;
    %jmp/0xz T_4.5, 5;
    %wait E_0x56460f6a30a0;
    %load/vec4 v0x56460f6be490_0;
    %addi 1, 0, 32;
    %store/vec4 v0x56460f6be490_0, 0, 32;
    %jmp T_4.4;
T_4.5 ;
    %vpi_call 2 37 "$finish" {0 0 0};
    %end;
    .thread T_4;
# The file index is used to find the file name in the following table.
:file_names 4;
    "N/A";
    "<interactive>";
    "tb_tx.v";
    "uart_tx.v";
