#! /usr/bin/vvp
:ivl_version "11.0 (stable)";
:ivl_delay_selection "TYPICAL";
:vpi_time_precision + 0;
:vpi_module "/usr/lib/x86_64-linux-gnu/ivl/system.vpi";
:vpi_module "/usr/lib/x86_64-linux-gnu/ivl/vhdl_sys.vpi";
:vpi_module "/usr/lib/x86_64-linux-gnu/ivl/vhdl_textio.vpi";
:vpi_module "/usr/lib/x86_64-linux-gnu/ivl/v2005_math.vpi";
:vpi_module "/usr/lib/x86_64-linux-gnu/ivl/va_math.vpi";
S_0x5599da2b8f40 .scope module, "tb" "tb" 2 1;
 .timescale 0 0;
P_0x5599da2996a0 .param/l "CLKS_PER_HALF_BIT" 0 2 4, +C4<00000000000000000000000000000010>;
P_0x5599da2996e0 .param/l "SPI_MODE" 0 2 3, +C4<00000000000000000000000000000000>;
v0x5599da2da720_0 .var *"_ivl_0", 0 0; Local signal
v0x5599da2da820_0 .var/i "i", 31 0;
v0x5599da2da900_0 .var "i_Clk", 0 0;
v0x5599da2da9d0_0 .var "i_Rst_L", 0 0;
v0x5599da2daaa0_0 .var "i_SPI_MISO", 0 0;
v0x5599da2dab40_0 .var "i_TX_Byte", 7 0;
v0x5599da2dac10_0 .var "i_TX_DV", 0 0;
v0x5599da2dace0_0 .net "o_RX_Byte", 7 0, v0x5599da29dc50_0;  1 drivers
v0x5599da2dadb0_0 .net "o_RX_DV", 0 0, v0x5599da29dcf0_0;  1 drivers
v0x5599da2dae80_0 .net "o_SPI_Clk", 0 0, v0x5599da2d9a60_0;  1 drivers
v0x5599da2daf50_0 .net "o_SPI_MOSI", 0 0, v0x5599da2d9b20_0;  1 drivers
v0x5599da2db020_0 .net "o_TX_Ready", 0 0, v0x5599da2d9be0_0;  1 drivers
E_0x5599da2aa5a0 .event posedge, v0x5599da29aa90_0;
S_0x5599da26ecf0 .scope module, "UUT" "SPI_Master" 2 23, 3 1 0, S_0x5599da2b8f40;
 .timescale 0 0;
    .port_info 0 /INPUT 1 "i_Rst_L";
    .port_info 1 /INPUT 1 "i_Clk";
    .port_info 2 /INPUT 8 "i_TX_Byte";
    .port_info 3 /INPUT 1 "i_TX_DV";
    .port_info 4 /OUTPUT 1 "o_TX_Ready";
    .port_info 5 /OUTPUT 1 "o_RX_DV";
    .port_info 6 /OUTPUT 8 "o_RX_Byte";
    .port_info 7 /OUTPUT 1 "o_SPI_Clk";
    .port_info 8 /INPUT 1 "i_SPI_MISO";
    .port_info 9 /OUTPUT 1 "o_SPI_MOSI";
P_0x5599da2a1440 .param/l "CLKS_PER_HALF_BIT" 0 3 3, +C4<00000000000000000000000000000010>;
P_0x5599da2a1480 .param/l "SPI_MODE" 0 3 2, +C4<00000000000000000000000000000000>;
v0x5599da29aa90_0 .net "i_Clk", 0 0, v0x5599da2da900_0;  1 drivers
v0x5599da29b420_0 .net "i_Rst_L", 0 0, v0x5599da2da9d0_0;  1 drivers
v0x5599da29b4c0_0 .net "i_SPI_MISO", 0 0, v0x5599da2daaa0_0;  1 drivers
v0x5599da29c910_0 .net "i_TX_Byte", 7 0, v0x5599da2dab40_0;  1 drivers
v0x5599da29c9b0_0 .net "i_TX_DV", 0 0, v0x5599da2dac10_0;  1 drivers
v0x5599da29dc50_0 .var "o_RX_Byte", 7 0;
v0x5599da29dcf0_0 .var "o_RX_DV", 0 0;
v0x5599da2d9a60_0 .var "o_SPI_Clk", 0 0;
v0x5599da2d9b20_0 .var "o_SPI_MOSI", 0 0;
v0x5599da2d9be0_0 .var "o_TX_Ready", 0 0;
v0x5599da2d9ca0_0 .var "r_Leading_Edge", 0 0;
v0x5599da2d9d60_0 .var "r_RX_Bit_Count", 2 0;
v0x5599da2d9e40_0 .var "r_SPI_Clk", 0 0;
v0x5599da2d9f00_0 .var "r_SPI_Clk_Count", 1 0;
v0x5599da2d9fe0_0 .var "r_SPI_Clk_Edges", 4 0;
v0x5599da2da0c0_0 .var "r_TX_Bit_Count", 2 0;
v0x5599da2da1a0_0 .var "r_TX_Byte", 7 0;
v0x5599da2da280_0 .var "r_TX_DV", 0 0;
v0x5599da2da340_0 .var "r_Trailing_Edge", 0 0;
L_0x7fb94f1f2060 .functor BUFT 1, C4<0>, C4<0>, C4<0>, C4<0>;
v0x5599da2da400_0 .net "w_CPHA", 0 0, L_0x7fb94f1f2060;  1 drivers
L_0x7fb94f1f2018 .functor BUFT 1, C4<0>, C4<0>, C4<0>, C4<0>;
v0x5599da2da4c0_0 .net "w_CPOL", 0 0, L_0x7fb94f1f2018;  1 drivers
E_0x5599da2aa3d0/0 .event negedge, v0x5599da29b420_0;
E_0x5599da2aa3d0/1 .event posedge, v0x5599da29aa90_0;
E_0x5599da2aa3d0 .event/or E_0x5599da2aa3d0/0, E_0x5599da2aa3d0/1;
    .scope S_0x5599da26ecf0;
T_0 ;
    %wait E_0x5599da2aa3d0;
    %load/vec4 v0x5599da29b420_0;
    %inv;
    %flag_set/vec4 8;
    %jmp/0xz  T_0.0, 8;
    %pushi/vec4 0, 0, 1;
    %assign/vec4 v0x5599da2d9be0_0, 0;
    %pushi/vec4 0, 0, 5;
    %assign/vec4 v0x5599da2d9fe0_0, 0;
    %pushi/vec4 0, 0, 1;
    %assign/vec4 v0x5599da2d9ca0_0, 0;
    %pushi/vec4 0, 0, 1;
    %assign/vec4 v0x5599da2da340_0, 0;
    %load/vec4 v0x5599da2da4c0_0;
    %assign/vec4 v0x5599da2d9e40_0, 0;
    %pushi/vec4 0, 0, 2;
    %assign/vec4 v0x5599da2d9f00_0, 0;
    %jmp T_0.1;
T_0.0 ;
    %pushi/vec4 0, 0, 1;
    %assign/vec4 v0x5599da2d9ca0_0, 0;
    %pushi/vec4 0, 0, 1;
    %assign/vec4 v0x5599da2da340_0, 0;
    %load/vec4 v0x5599da29c9b0_0;
    %flag_set/vec4 8;
    %jmp/0xz  T_0.2, 8;
    %pushi/vec4 0, 0, 1;
    %assign/vec4 v0x5599da2d9be0_0, 0;
    %pushi/vec4 16, 0, 5;
    %assign/vec4 v0x5599da2d9fe0_0, 0;
    %jmp T_0.3;
T_0.2 ;
    %load/vec4 v0x5599da2d9fe0_0;
    %pad/u 32;
    %cmpi/u 0, 0, 32;
    %flag_or 5, 4; GT is !LE
    %flag_inv 5;
    %jmp/0xz  T_0.4, 5;
    %pushi/vec4 0, 0, 1;
    %assign/vec4 v0x5599da2d9be0_0, 0;
    %load/vec4 v0x5599da2d9f00_0;
    %pad/u 32;
    %cmpi/e 3, 0, 32;
    %jmp/0xz  T_0.6, 4;
    %load/vec4 v0x5599da2d9fe0_0;
    %subi 1, 0, 5;
    %assign/vec4 v0x5599da2d9fe0_0, 0;
    %pushi/vec4 1, 0, 1;
    %assign/vec4 v0x5599da2da340_0, 0;
    %pushi/vec4 0, 0, 2;
    %assign/vec4 v0x5599da2d9f00_0, 0;
    %load/vec4 v0x5599da2d9e40_0;
    %inv;
    %assign/vec4 v0x5599da2d9e40_0, 0;
    %jmp T_0.7;
T_0.6 ;
    %load/vec4 v0x5599da2d9f00_0;
    %pad/u 32;
    %cmpi/e 1, 0, 32;
    %jmp/0xz  T_0.8, 4;
    %load/vec4 v0x5599da2d9fe0_0;
    %subi 1, 0, 5;
    %assign/vec4 v0x5599da2d9fe0_0, 0;
    %pushi/vec4 1, 0, 1;
    %assign/vec4 v0x5599da2d9ca0_0, 0;
    %load/vec4 v0x5599da2d9f00_0;
    %addi 1, 0, 2;
    %assign/vec4 v0x5599da2d9f00_0, 0;
    %load/vec4 v0x5599da2d9e40_0;
    %inv;
    %assign/vec4 v0x5599da2d9e40_0, 0;
    %jmp T_0.9;
T_0.8 ;
    %load/vec4 v0x5599da2d9f00_0;
    %addi 1, 0, 2;
    %assign/vec4 v0x5599da2d9f00_0, 0;
T_0.9 ;
T_0.7 ;
    %jmp T_0.5;
T_0.4 ;
    %pushi/vec4 1, 0, 1;
    %assign/vec4 v0x5599da2d9be0_0, 0;
T_0.5 ;
T_0.3 ;
T_0.1 ;
    %jmp T_0;
    .thread T_0;
    .scope S_0x5599da26ecf0;
T_1 ;
    %wait E_0x5599da2aa3d0;
    %load/vec4 v0x5599da29b420_0;
    %inv;
    %flag_set/vec4 8;
    %jmp/0xz  T_1.0, 8;
    %pushi/vec4 0, 0, 8;
    %assign/vec4 v0x5599da2da1a0_0, 0;
    %pushi/vec4 0, 0, 1;
    %assign/vec4 v0x5599da2da280_0, 0;
    %jmp T_1.1;
T_1.0 ;
    %load/vec4 v0x5599da29c9b0_0;
    %assign/vec4 v0x5599da2da280_0, 0;
    %load/vec4 v0x5599da29c9b0_0;
    %flag_set/vec4 8;
    %jmp/0xz  T_1.2, 8;
    %load/vec4 v0x5599da29c910_0;
    %assign/vec4 v0x5599da2da1a0_0, 0;
T_1.2 ;
T_1.1 ;
    %jmp T_1;
    .thread T_1;
    .scope S_0x5599da26ecf0;
T_2 ;
    %wait E_0x5599da2aa3d0;
    %load/vec4 v0x5599da29b420_0;
    %inv;
    %flag_set/vec4 8;
    %jmp/0xz  T_2.0, 8;
    %pushi/vec4 0, 0, 1;
    %assign/vec4 v0x5599da2d9b20_0, 0;
    %pushi/vec4 7, 0, 3;
    %assign/vec4 v0x5599da2da0c0_0, 0;
    %jmp T_2.1;
T_2.0 ;
    %load/vec4 v0x5599da2d9be0_0;
    %flag_set/vec4 8;
    %jmp/0xz  T_2.2, 8;
    %pushi/vec4 7, 0, 3;
    %assign/vec4 v0x5599da2da0c0_0, 0;
    %jmp T_2.3;
T_2.2 ;
    %load/vec4 v0x5599da2da280_0;
    %load/vec4 v0x5599da2da400_0;
    %inv;
    %and;
    %flag_set/vec4 8;
    %jmp/0xz  T_2.4, 8;
    %load/vec4 v0x5599da2da1a0_0;
    %parti/s 1, 7, 4;
    %assign/vec4 v0x5599da2d9b20_0, 0;
    %pushi/vec4 6, 0, 3;
    %assign/vec4 v0x5599da2da0c0_0, 0;
    %jmp T_2.5;
T_2.4 ;
    %load/vec4 v0x5599da2d9ca0_0;
    %load/vec4 v0x5599da2da400_0;
    %and;
    %load/vec4 v0x5599da2da340_0;
    %load/vec4 v0x5599da2da400_0;
    %inv;
    %and;
    %or;
    %flag_set/vec4 8;
    %jmp/0xz  T_2.6, 8;
    %load/vec4 v0x5599da2da0c0_0;
    %subi 1, 0, 3;
    %assign/vec4 v0x5599da2da0c0_0, 0;
    %load/vec4 v0x5599da2da1a0_0;
    %load/vec4 v0x5599da2da0c0_0;
    %part/u 1;
    %assign/vec4 v0x5599da2d9b20_0, 0;
T_2.6 ;
T_2.5 ;
T_2.3 ;
T_2.1 ;
    %jmp T_2;
    .thread T_2;
    .scope S_0x5599da26ecf0;
T_3 ;
    %wait E_0x5599da2aa3d0;
    %load/vec4 v0x5599da29b420_0;
    %inv;
    %flag_set/vec4 8;
    %jmp/0xz  T_3.0, 8;
    %pushi/vec4 0, 0, 8;
    %assign/vec4 v0x5599da29dc50_0, 0;
    %pushi/vec4 0, 0, 1;
    %assign/vec4 v0x5599da29dcf0_0, 0;
    %pushi/vec4 7, 0, 3;
    %assign/vec4 v0x5599da2d9d60_0, 0;
    %jmp T_3.1;
T_3.0 ;
    %pushi/vec4 0, 0, 1;
    %assign/vec4 v0x5599da29dcf0_0, 0;
    %load/vec4 v0x5599da2d9be0_0;
    %flag_set/vec4 8;
    %jmp/0xz  T_3.2, 8;
    %pushi/vec4 7, 0, 3;
    %assign/vec4 v0x5599da2d9d60_0, 0;
    %jmp T_3.3;
T_3.2 ;
    %load/vec4 v0x5599da2d9ca0_0;
    %load/vec4 v0x5599da2da400_0;
    %inv;
    %and;
    %load/vec4 v0x5599da2da340_0;
    %load/vec4 v0x5599da2da400_0;
    %and;
    %or;
    %flag_set/vec4 8;
    %jmp/0xz  T_3.4, 8;
    %load/vec4 v0x5599da29b4c0_0;
    %ix/load 5, 0, 0;
    %ix/getv 4, v0x5599da2d9d60_0;
    %assign/vec4/off/d v0x5599da29dc50_0, 4, 5;
    %load/vec4 v0x5599da2d9d60_0;
    %subi 1, 0, 3;
    %assign/vec4 v0x5599da2d9d60_0, 0;
    %load/vec4 v0x5599da2d9d60_0;
    %cmpi/e 0, 0, 3;
    %jmp/0xz  T_3.6, 4;
    %pushi/vec4 1, 0, 1;
    %assign/vec4 v0x5599da29dcf0_0, 0;
T_3.6 ;
T_3.4 ;
T_3.3 ;
T_3.1 ;
    %jmp T_3;
    .thread T_3;
    .scope S_0x5599da26ecf0;
T_4 ;
    %wait E_0x5599da2aa3d0;
    %load/vec4 v0x5599da29b420_0;
    %inv;
    %flag_set/vec4 8;
    %jmp/0xz  T_4.0, 8;
    %load/vec4 v0x5599da2da4c0_0;
    %assign/vec4 v0x5599da2d9a60_0, 0;
    %jmp T_4.1;
T_4.0 ;
    %load/vec4 v0x5599da2d9e40_0;
    %assign/vec4 v0x5599da2d9a60_0, 0;
T_4.1 ;
    %jmp T_4;
    .thread T_4;
    .scope S_0x5599da2b8f40;
T_5 ;
    %pushi/vec4 0, 0, 1;
    %store/vec4 v0x5599da2da900_0, 0, 1;
T_5.0 ;
    %load/vec4 v0x5599da2da900_0;
    %inv;
    %store/vec4 v0x5599da2da720_0, 0, 1;
    %pushi/vec4 5, 0, 64;
    %ix/vec4 4;
    %delayx 4;
    %load/vec4 v0x5599da2da720_0;
    %store/vec4 v0x5599da2da900_0, 0, 1;
    %jmp T_5.0;
    %end;
    .thread T_5;
    .scope S_0x5599da2b8f40;
T_6 ;
    %vpi_call 2 32 "$dumpfile", "tb.vcd" {0 0 0};
    %vpi_call 2 33 "$dumpvars", 32'sb00000000000000000000000000000000, S_0x5599da2b8f40 {0 0 0};
    %end;
    .thread T_6;
    .scope S_0x5599da2b8f40;
T_7 ;
    %delay 0, 0;
    %pushi/vec4 0, 0, 1;
    %store/vec4 v0x5599da2da9d0_0, 0, 1;
    %pushi/vec4 171, 0, 8;
    %store/vec4 v0x5599da2dab40_0, 0, 8;
    %pushi/vec4 1, 0, 1;
    %store/vec4 v0x5599da2dac10_0, 0, 1;
    %delay 10, 0;
    %pushi/vec4 0, 0, 1;
    %store/vec4 v0x5599da2da9d0_0, 0, 1;
    %pushi/vec4 0, 0, 32;
    %store/vec4 v0x5599da2da820_0, 0, 32;
T_7.0 ;
    %load/vec4 v0x5599da2da820_0;
    %cmpi/s 8, 0, 32;
    %jmp/0xz T_7.1, 5;
    %pushi/vec4 1, 0, 1;
    %store/vec4 v0x5599da2dac10_0, 0, 1;
    %vpi_func 2 43 "$random" 32 {0 0 0};
    %pushi/vec4 2, 0, 32;
    %mod/s;
    %pad/s 1;
    %store/vec4 v0x5599da2daaa0_0, 0, 1;
    %wait E_0x5599da2aa5a0;
    %load/vec4 v0x5599da2da820_0;
    %addi 1, 0, 32;
    %store/vec4 v0x5599da2da820_0, 0, 32;
    %jmp T_7.0;
T_7.1 ;
    %delay 10, 0;
    %pushi/vec4 0, 0, 1;
    %store/vec4 v0x5599da2da9d0_0, 0, 1;
    %pushi/vec4 86, 0, 8;
    %store/vec4 v0x5599da2dab40_0, 0, 8;
    %pushi/vec4 1, 0, 1;
    %store/vec4 v0x5599da2dac10_0, 0, 1;
    %delay 10, 0;
    %pushi/vec4 0, 0, 1;
    %store/vec4 v0x5599da2da9d0_0, 0, 1;
    %pushi/vec4 0, 0, 32;
    %store/vec4 v0x5599da2da820_0, 0, 32;
T_7.2 ;
    %load/vec4 v0x5599da2da820_0;
    %cmpi/s 8, 0, 32;
    %jmp/0xz T_7.3, 5;
    %pushi/vec4 1, 0, 1;
    %store/vec4 v0x5599da2dac10_0, 0, 1;
    %vpi_func 2 52 "$random" 32 {0 0 0};
    %pushi/vec4 2, 0, 32;
    %mod/s;
    %pad/s 1;
    %store/vec4 v0x5599da2daaa0_0, 0, 1;
    %wait E_0x5599da2aa5a0;
    %load/vec4 v0x5599da2da820_0;
    %addi 1, 0, 32;
    %store/vec4 v0x5599da2da820_0, 0, 32;
    %jmp T_7.2;
T_7.3 ;
    %delay 100, 0;
    %vpi_call 2 56 "$finish" {0 0 0};
    %end;
    .thread T_7;
# The file index is used to find the file name in the following table.
:file_names 4;
    "N/A";
    "<interactive>";
    "tb.v";
    "spi_m.v";
